[35m[1mScanning dependencies of target std_msgs_generate_messages_lisp[0m
[35m[1mScanning dependencies of target std_msgs_generate_messages_py[0m
[35m[1mScanning dependencies of target std_msgs_generate_messages_eus[0m
[35m[1mScanning dependencies of target std_msgs_generate_messages_cpp[0m
[35m[1mScanning dependencies of target std_msgs_generate_messages_nodejs[0m
[35m[1mScanning dependencies of target _sound_package_generate_messages_check_deps_PlaySong[0m
[  0%] Built target std_msgs_generate_messages_lisp
[  0%] Built target std_msgs_generate_messages_cpp
[  0%] Built target std_msgs_generate_messages_nodejs
[  0%] Built target std_msgs_generate_messages_py
[  0%] Built target std_msgs_generate_messages_eus
[  0%] Built target _sound_package_generate_messages_check_deps_PlaySong
[35m[1mScanning dependencies of target sound_package_generate_messages_nodejs[0m
[35m[1mScanning dependencies of target sound_package_generate_messages_cpp[0m
[35m[1mScanning dependencies of target sound_package_generate_messages_eus[0m
[35m[1mScanning dependencies of target sound_package_generate_messages_lisp[0m
[35m[1mScanning dependencies of target sound_package_generate_messages_py[0m
[ 28%] [34m[1mGenerating Lisp code from sound_package/PlaySong.srv[0m
[ 28%] [34m[1mGenerating C++ code from sound_package/PlaySong.srv[0m
[ 42%] [34m[1mGenerating EusLisp code from sound_package/PlaySong.srv[0m
[ 57%] [34m[1mGenerating EusLisp manifest code for sound_package[0m
[ 71%] [34m[1mGenerating Python code from SRV sound_package/PlaySong[0m
[ 85%] [34m[1mGenerating Javascript code from sound_package/PlaySong.srv[0m
[ 85%] Built target sound_package_generate_messages_lisp
[ 85%] Built target sound_package_generate_messages_nodejs
[ 85%] Built target sound_package_generate_messages_cpp
[100%] [34m[1mGenerating Python srv __init__.py for sound_package[0m
[100%] Built target sound_package_generate_messages_py
[100%] Built target sound_package_generate_messages_eus
[35m[1mScanning dependencies of target sound_package_generate_messages[0m
[100%] Built target sound_package_generate_messages
