[35m[1mScanning dependencies of target _sound_package_generate_messages_check_deps_StopSong[0m
[  0%] Built target std_msgs_generate_messages_cpp
[  0%] Built target std_msgs_generate_messages_py
[  0%] Built target std_msgs_generate_messages_lisp
[  0%] Built target std_msgs_generate_messages_eus
[  0%] Built target std_msgs_generate_messages_nodejs
[  0%] Built target _sound_package_generate_messages_check_deps_StopSong
[  0%] Built target _sound_package_generate_messages_check_deps_PlaySong
[ 41%] [34m[1mGenerating C++ code from sound_package/StopSong.srv[0m
[ 41%] [34m[1mGenerating Javascript code from sound_package/StopSong.srv[0m
[ 41%] [34m[1mGenerating EusLisp code from sound_package/StopSong.srv[0m
[ 41%] [34m[1mGenerating Lisp code from sound_package/StopSong.srv[0m
[ 41%] [34m[1mGenerating Python code from SRV sound_package/StopSong[0m
[ 50%] Built target sound_package_generate_messages_nodejs
[ 75%] Built target sound_package_generate_messages_lisp
[ 75%] Built target sound_package_generate_messages_eus
[ 83%] [34m[1mGenerating Python srv __init__.py for sound_package[0m
[ 91%] Built target sound_package_generate_messages_cpp
[100%] Built target sound_package_generate_messages_py
[100%] Built target sound_package_generate_messages
